Start testing: Oct 27 11:04 UTC
----------------------------------------------------------
1/2 Testing: unit_tests
1/2 Test: unit_tests
Command: "/workspace/build/tests/unit_tests"
Directory: /workspace/build/tests
"unit_tests" start time: Oct 27 11:04 UTC
Output:
----------------------------------------------------------
All Utility.h tests passed
<end of output>
Test time =   0.00 sec
----------------------------------------------------------
Test Passed.
"unit_tests" end time: Oct 27 11:04 UTC
"unit_tests" time elapsed: 00:00:00
----------------------------------------------------------

2/2 Testing: api_tests
2/2 Test: api_tests
Command: "/workspace/build/tests/api_tests"
Directory: /workspace/build/tests
"api_tests" start time: Oct 27 11:04 UTC
Output:
----------------------------------------------------------
<end of output>
Test time =   0.00 sec
----------------------------------------------------------
Test Failed.
"api_tests" end time: Oct 27 11:04 UTC
"api_tests" time elapsed: 00:00:00
----------------------------------------------------------

End testing: Oct 27 11:04 UTC
